<?xml version="1.0" encoding="UTF-8"?>
<!-- Generated by org.testng.reporters.JUnitXMLReporter -->
<testsuite hostname="ADMINRG-KK05GOQ" ignored="0" name="Test" tests="1" failures="1" timestamp="02 Sep 2021 06:35:41 GMT" time="0.056" errors="0">
  <testcase name="tc0" time="0.0" classname="com.exp.A">
    <failure type="org.testng.TestNGException" message="
Cannot inject @Test annotated Method [tc0] with [class java.lang.String, class java.lang.String].
For more information on native dependency injection please refer to http://testng.org/doc/documentation-main.html#native-dependency-injection">
      <![CDATA[org.testng.TestNGException: 
Cannot inject @Test annotated Method [tc0] with [class java.lang.String, class java.lang.String].
For more information on native dependency injection please refer to http://testng.org/doc/documentation-main.html#native-dependency-injection
... Removed 24 stack frames]]>
    </failure>
  </testcase> <!-- tc0 -->
</testsuite> <!-- Test -->
